<?xml version="1.0" encoding="UTF-8"?>
<testsuite name="TestListaSimples" tests="8" skipped="0" failures="0" errors="0" timestamp="2025-07-25T17:56:54" hostname="P50252" time="0.029">
  <properties/>
  <testcase name="Testa inserir valores no inÃ­cio" classname="TestListaSimples" time="0.003"/>
  <testcase name="Testa criaÃ§Ã£o de lista: deve estar vazia ao ser criada" classname="TestListaSimples" time="0.002"/>
  <testcase name="Testa remover valores" classname="TestListaSimples" time="0.003"/>
  <testcase name="Testa substituir valor de posiÃ§Ã£o invÃ¡lida" classname="TestListaSimples" time="0.002"/>
  <testcase name="Testa inserir valores em posiÃ§Ãµes aleatÃ³rias" classname="TestListaSimples" time="0.001"/>
  <testcase name="Testa substituir valores" classname="TestListaSimples" time="0.001"/>
  <testcase name="Testa remover valor de posiÃ§Ã£o invÃ¡lida" classname="TestListaSimples" time="0.002"/>
  <testcase name="Testa inverter a lista" classname="TestListaSimples" time="0.001"/>
  <system-out><![CDATA[]]></system-out>
  <system-err><![CDATA[]]></system-err>
</testsuite>
